<?xml version="1.0" encoding="UTF-8"?>
<!-- Generated by org.testng.reporters.JUnitReportReporter -->
<testsuite hostname="GAVLMUMDT-046" failures="0" tests="1" name="verifyCreateBrief.verifyCreateBrief" time="5.091" errors="0" timestamp="2025-07-31T12:28:47 IST" skipped="0">
  <testcase classname="verifyCreateBrief.verifyCreateBrief" name="VerifyUserAbleToCreateBriefOnMileStonePageWithPriorityOfProjectAsStrategic_12_15_Months" time="5.091"/>
</testsuite> <!-- verifyCreateBrief.verifyCreateBrief -->
