<?xml version="1.0" encoding="UTF-8"?>
<!-- Generated by org.testng.reporters.JUnitReportReporter -->
<testsuite hostname="GAVLMUMDT-046" failures="0" tests="1" name="verifyCreateBrief.verifyCreateBrief" time="3.078" errors="0" timestamp="2025-07-24T17:34:59 IST" skipped="0">
  <testcase classname="verifyCreateBrief.verifyCreateBrief" name="ToCheckCancelFeatures" time="3.078"/>
</testsuite> <!-- verifyCreateBrief.verifyCreateBrief -->
