<?xml version="1.0" encoding="UTF-8"?>
<!-- Generated by org.testng.reporters.JUnitReportReporter -->
<testsuite hostname="GAVLMUMDT-046" failures="0" tests="1" name="verifyCreateBrief.verifyCreateBrief" time="5.577" errors="0" timestamp="2025-08-08T14:49:10 IST" skipped="0">
  <testcase classname="verifyCreateBrief.verifyCreateBrief" name="VerifyUserAbleToCreateBriefOrNot" time="5.577"/>
</testsuite> <!-- verifyCreateBrief.verifyCreateBrief -->
